2025-09-25 12:30:00 0 [Note] InnoDB: The first data file './ibdata1' did not exist. A new tablespace will be created!
2025-09-25 12:30:00 0 [Note] InnoDB: Compressed tables use zlib 1.2.11
2025-09-25 12:30:00 0 [Note] InnoDB: Number of pools: 1
2025-09-25 12:30:00 0 [Note] InnoDB: Using crc32 + pclmulqdq instructions
2025-09-25 12:30:00 0 [Note] InnoDB: Initializing buffer pool, total size = 10485760, chunk size = 10485760
2025-09-25 12:30:00 0 [Note] InnoDB: Completed initialization of buffer pool
2025-09-25 12:30:00 0 [Note] InnoDB: Setting file './ibdata1' size to 12 MB. Physically writing the file full; Please wait ...
2025-09-25 12:30:00 0 [Note] InnoDB: File './ibdata1' size is now 12 MB.
2025-09-25 12:30:00 0 [Note] InnoDB: Setting log file ./ib_logfile101 size to 100663296 bytes
2025-09-25 12:30:00 0 [Note] InnoDB: Renaming log file ./ib_logfile101 to ./ib_logfile0
2025-09-25 12:30:00 0 [Note] InnoDB: New log file created, LSN=10329
2025-09-25 12:30:00 0 [Note] InnoDB: Doublewrite buffer not found: creating new
2025-09-25 12:30:00 0 [Note] InnoDB: Doublewrite buffer created
2025-09-25 12:30:00 0 [Note] InnoDB: 128 rollback segments are active.
2025-09-25 12:30:00 0 [Note] InnoDB: Creating shared tablespace for temporary tables
2025-09-25 12:30:00 0 [Note] InnoDB: Setting file './ibtmp1' size to 12 MB. Physically writing the file full; Please wait ...
2025-09-25 12:30:00 0 [Note] InnoDB: File './ibtmp1' size is now 12 MB.
2025-09-25 12:30:00 0 [Note] InnoDB: 10.6.7 started; log sequence number 0; transaction id 3
2025-09-25 12:30:00 0 [Note] Plugin 'FEEDBACK' is disabled.
2025-09-28 10:21:36 0 [Note] InnoDB: Compressed tables use zlib 1.2.11
2025-09-28 10:21:36 0 [Note] InnoDB: Number of pools: 1
2025-09-28 10:21:36 0 [Note] InnoDB: Using crc32 + pclmulqdq instructions
2025-09-28 10:21:36 0 [Note] InnoDB: Initializing buffer pool, total size = 134217728, chunk size = 134217728
2025-09-28 10:21:36 0 [Note] InnoDB: Completed initialization of buffer pool
2025-09-28 10:21:36 0 [Note] InnoDB: Starting crash recovery from checkpoint LSN=42173,42173
2025-09-28 10:21:36 0 [Note] InnoDB: Starting final batch to recover 6 pages from redo log.
2025-09-28 10:21:36 0 [Note] InnoDB: 128 rollback segments are active.
2025-09-28 10:21:36 0 [Note] InnoDB: Removed temporary tablespace data file: "./ibtmp1"
2025-09-28 10:21:36 0 [Note] InnoDB: Creating shared tablespace for temporary tables
2025-09-28 10:21:36 0 [Note] InnoDB: Setting file './ibtmp1' size to 12 MB. Physically writing the file full; Please wait ...
2025-09-28 10:21:36 0 [Note] InnoDB: File './ibtmp1' size is now 12 MB.
2025-09-28 10:21:36 0 [Note] InnoDB: 10.6.7 started; log sequence number 143187; transaction id 166
2025-09-28 10:21:36 0 [Note] InnoDB: Loading buffer pool(s) from D:\TDD-Kit-Builder\TDD-DB-KIT\db_server\data\ib_buffer_pool
2025-09-28 10:21:36 0 [Note] Plugin 'FEEDBACK' is disabled.
2025-09-28 10:21:36 0 [Note] InnoDB: Buffer pool(s) load completed at 250928 10:21:36
2025-09-28 10:21:36 0 [Note] Server socket created on IP: '::'.
2025-09-28 10:21:36 0 [Note] Server socket created on IP: '0.0.0.0'.
2025-09-28 10:21:38 0 [Note] D:\TDD-Kit-Builder\TDD-DB-KIT\db_server\bin\mariadbd.exe: ready for connections.
Version: '10.6.7-MariaDB'  socket: ''  port: 3306  mariadb.org binary distribution
2025-09-28 21:06:16 0 [Note] console_event_handler: received CTRL_CLOSE_EVENT event, terminating
